[background-preinit] INFO  | org.hibernate.validator.internal.util.Version                | HV000001: Hibernate Validator 8.0.2.Final (Version.java:21)
[main] INFO  | com.isi.scolaire.ScolaireApplication                         | Starting ScolaireApplication using Java 21.0.5 with PID 5116 (C:\Users\Kaba\Documents\scolaire-ms\scolaire\target\classes started by Kaba in C:\Users\Kaba\Documents\scolaire-ms) (StartupInfoLogger.java:53)
[main] INFO  | com.isi.scolaire.ScolaireApplication                         | No active profile set, falling back to 1 default profile: "default" (SpringApplication.java:652)
[main] INFO  | org.springframework.data.repository.config.RepositoryConfigurationDelegate | Bootstrapping Spring Data JPA repositories in DEFAULT mode. (RepositoryConfigurationDelegate.java:143)
[main] INFO  | org.springframework.data.repository.config.RepositoryConfigurationDelegate | Finished Spring Data repository scanning in 255 ms. Found 14 JPA repository interfaces. (RepositoryConfigurationDelegate.java:211)
[main] INFO  | org.springframework.boot.web.embedded.tomcat.TomcatWebServer | Tomcat initialized with port 8092 (http) (TomcatWebServer.java:111)
[main] INFO  | org.apache.coyote.http11.Http11NioProtocol                   | Initializing ProtocolHandler ["http-nio-8092"] (DirectJDKLog.java:173)
[main] INFO  | org.apache.catalina.core.StandardService                     | Starting service [Tomcat] (DirectJDKLog.java:173)
[main] INFO  | org.apache.catalina.core.StandardEngine                      | Starting Servlet engine: [Apache Tomcat/10.1.34] (DirectJDKLog.java:173)
[main] INFO  | org.apache.catalina.core.ContainerBase.[Tomcat].[localhost].[/] | Initializing Spring embedded WebApplicationContext (DirectJDKLog.java:173)
[main] INFO  | org.springframework.boot.web.servlet.context.ServletWebServerApplicationContext | Root WebApplicationContext: initialization completed in 6575 ms (ServletWebServerApplicationContext.java:296)
[main] DEBUG | org.springframework.web.filter.ServerHttpObservationFilter   | Filter 'webMvcObservationFilter' configured for use (GenericFilterBean.java:240)
[main] DEBUG | org.springframework.web.filter.CorsFilter                    | Filter 'corsFilter' configured for use (GenericFilterBean.java:240)
[main] INFO  | org.hibernate.jpa.internal.util.LogHelper                    | HHH000204: Processing PersistenceUnitInfo [name: default] (LogHelper.java:31)
[main] INFO  | org.hibernate.Version                                        | HHH000412: Hibernate ORM core version 6.6.5.Final (Version.java:44)
[main] INFO  | org.hibernate.cache.internal.RegionFactoryInitiator          | HHH000026: Second-level cache disabled (RegionFactoryInitiator.java:50)
[main] INFO  | org.springframework.orm.jpa.persistenceunit.SpringPersistenceUnitInfo | No LoadTimeWeaver setup: ignoring JPA class transformer (SpringPersistenceUnitInfo.java:87)
[main] INFO  | com.zaxxer.hikari.HikariDataSource                           | HikariPool-1 - Starting... (HikariDataSource.java:109)
[main] INFO  | com.zaxxer.hikari.pool.HikariPool                            | HikariPool-1 - Added connection org.postgresql.jdbc.PgConnection@5b1f0f26 (HikariPool.java:554)
[main] INFO  | com.zaxxer.hikari.HikariDataSource                           | HikariPool-1 - Start completed. (HikariDataSource.java:122)
[main] WARN  | org.hibernate.orm.deprecation                                | HHH90000025: PostgreSQLDialect does not need to be specified explicitly using 'hibernate.dialect' (remove the property setting and it will be selected by default) (DialectFactoryImpl.java:153)
[main] INFO  | org.hibernate.orm.connections.pooling                        | HHH10001005: Database info:
	Database JDBC URL [Connecting through datasource 'HikariDataSource (HikariPool-1)']
	Database driver: undefined/unknown
	Database version: 17.4
	Autocommit mode: undefined/unknown
	Isolation level: undefined/unknown
	Minimum pool size: undefined/unknown
	Maximum pool size: undefined/unknown (JdbcEnvironmentInitiator.java:157)
[main] INFO  | org.hibernate.engine.transaction.jta.platform.internal.JtaPlatformInitiator | HHH000489: No JTA platform available (set 'hibernate.transaction.jta.platform' to enable JTA platform integration) (JtaPlatformInitiator.java:59)
[main] INFO  | org.springframework.orm.jpa.LocalContainerEntityManagerFactoryBean | Initialized JPA EntityManagerFactory for persistence unit 'default' (AbstractEntityManagerFactoryBean.java:447)
[main] WARN  | org.springframework.boot.autoconfigure.orm.jpa.JpaBaseConfiguration$JpaWebConfiguration | spring.jpa.open-in-view is enabled by default. Therefore, database queries may be performed during view rendering. Explicitly configure spring.jpa.open-in-view to disable this warning (JpaBaseConfiguration.java:241)
[main] DEBUG | org.springframework.web.servlet.mvc.method.annotation.RequestMappingHandlerMapping | 86 mappings in 'requestMappingHandlerMapping' (AbstractHandlerMethodMapping.java:366)
[main] DEBUG | org.springframework.web.servlet.handler.SimpleUrlHandlerMapping | Patterns [/webjars/**, /**, /swagger-ui*/*swagger-initializer.js, /swagger-ui*/**] in 'resourceHandlerMapping' (SimpleUrlHandlerMapping.java:187)
[main] DEBUG | org.springframework.web.servlet.mvc.method.annotation.RequestMappingHandlerAdapter | ControllerAdvice beans: 0 @ModelAttribute, 0 @InitBinder, 1 RequestBodyAdvice, 1 ResponseBodyAdvice (RequestMappingHandlerAdapter.java:666)
[main] DEBUG | org.springframework.web.servlet.mvc.method.annotation.ExceptionHandlerExceptionResolver | ControllerAdvice beans: 2 @ExceptionHandler, 1 ResponseBodyAdvice (ExceptionHandlerExceptionResolver.java:336)
[main] INFO  | org.springframework.boot.actuate.endpoint.web.EndpointLinksResolver | Exposing 15 endpoints beneath base path '/actuator' (EndpointLinksResolver.java:60)
[main] INFO  | org.apache.coyote.http11.Http11NioProtocol                   | Starting ProtocolHandler ["http-nio-8092"] (DirectJDKLog.java:173)
[main] INFO  | org.springframework.boot.web.embedded.tomcat.TomcatWebServer | Tomcat started on port 8092 (http) with context path '/' (TomcatWebServer.java:243)
[main] INFO  | com.isi.scolaire.ScolaireApplication                         | Started ScolaireApplication in 16.576 seconds (process running for 19.203) (StartupInfoLogger.java:59)
[RMI TCP Connection(3)-192.168.1.2] INFO  | org.apache.catalina.core.ContainerBase.[Tomcat].[localhost].[/] | Initializing Spring DispatcherServlet 'dispatcherServlet' (DirectJDKLog.java:173)
[RMI TCP Connection(3)-192.168.1.2] INFO  | org.springframework.web.servlet.DispatcherServlet            | Initializing Servlet 'dispatcherServlet' (FrameworkServlet.java:532)
[RMI TCP Connection(3)-192.168.1.2] DEBUG | org.springframework.web.servlet.DispatcherServlet            | Detected StandardServletMultipartResolver (DispatcherServlet.java:532)
[RMI TCP Connection(3)-192.168.1.2] DEBUG | org.springframework.web.servlet.DispatcherServlet            | Detected AcceptHeaderLocaleResolver (DispatcherServlet.java:556)
[RMI TCP Connection(3)-192.168.1.2] DEBUG | org.springframework.web.servlet.DispatcherServlet            | Detected FixedThemeResolver (DispatcherServlet.java:582)
[RMI TCP Connection(3)-192.168.1.2] DEBUG | org.springframework.web.servlet.DispatcherServlet            | Detected org.springframework.web.servlet.view.DefaultRequestToViewNameTranslator@34b69a14 (DispatcherServlet.java:732)
[RMI TCP Connection(3)-192.168.1.2] DEBUG | org.springframework.web.servlet.DispatcherServlet            | Detected org.springframework.web.servlet.support.SessionFlashMapManager@727d937a (DispatcherServlet.java:796)
[RMI TCP Connection(3)-192.168.1.2] DEBUG | org.springframework.web.servlet.DispatcherServlet            | enableLoggingRequestDetails='false': request parameters and headers will be masked to prevent unsafe logging of potentially sensitive data (FrameworkServlet.java:549)
[RMI TCP Connection(3)-192.168.1.2] INFO  | org.springframework.web.servlet.DispatcherServlet            | Completed initialization in 8 ms (FrameworkServlet.java:554)
[http-nio-8092-exec-2] DEBUG | org.springframework.web.servlet.DispatcherServlet            | GET "/students", parameters={} (LogFormatUtils.java:120)
[http-nio-8092-exec-2] DEBUG | org.springframework.web.servlet.mvc.method.annotation.RequestMappingHandlerMapping | Mapped to com.isi.scolaire.student.StudentController#getAllStudents() (AbstractHandlerMapping.java:533)
[http-nio-8092-exec-2] DEBUG | org.springframework.web.servlet.mvc.method.annotation.HttpEntityMethodProcessor | Using 'application/json', given [application/json, text/plain, */*] and supported [application/json, application/*+json, application/yaml] (AbstractMessageConverterMethodProcessor.java:310)
[http-nio-8092-exec-2] DEBUG | org.springframework.web.servlet.mvc.method.annotation.HttpEntityMethodProcessor | Writing [[]] (LogFormatUtils.java:120)
[http-nio-8092-exec-2] DEBUG | org.springframework.web.servlet.DispatcherServlet            | Completed 200 OK (FrameworkServlet.java:1138)
[http-nio-8092-exec-4] DEBUG | org.springframework.web.servlet.DispatcherServlet            | GET "/teachers", parameters={} (LogFormatUtils.java:120)
[http-nio-8092-exec-4] DEBUG | org.springframework.web.servlet.mvc.method.annotation.RequestMappingHandlerMapping | Mapped to com.isi.scolaire.teacher.TeacherController#getAllTeachers() (AbstractHandlerMapping.java:533)
[http-nio-8092-exec-4] DEBUG | org.springframework.web.servlet.mvc.method.annotation.HttpEntityMethodProcessor | Using 'application/json', given [application/json, text/plain, */*] and supported [application/json, application/*+json, application/yaml] (AbstractMessageConverterMethodProcessor.java:310)
[http-nio-8092-exec-4] DEBUG | org.springframework.web.servlet.mvc.method.annotation.HttpEntityMethodProcessor | Writing [[]] (LogFormatUtils.java:120)
[http-nio-8092-exec-4] DEBUG | org.springframework.web.servlet.DispatcherServlet            | Completed 200 OK (FrameworkServlet.java:1138)
[http-nio-8092-exec-6] DEBUG | org.springframework.web.servlet.DispatcherServlet            | GET "/registrations", parameters={} (LogFormatUtils.java:120)
[http-nio-8092-exec-6] DEBUG | org.springframework.web.servlet.mvc.method.annotation.RequestMappingHandlerMapping | Mapped to com.isi.scolaire.registration.RegistrationController#getAllRegistrations() (AbstractHandlerMapping.java:533)
[http-nio-8092-exec-6] DEBUG | org.springframework.web.servlet.mvc.method.annotation.HttpEntityMethodProcessor | Using 'application/json', given [application/json, text/plain, */*] and supported [application/json, application/*+json, application/yaml] (AbstractMessageConverterMethodProcessor.java:310)
[http-nio-8092-exec-6] DEBUG | org.springframework.web.servlet.mvc.method.annotation.HttpEntityMethodProcessor | Writing [[]] (LogFormatUtils.java:120)
[http-nio-8092-exec-6] DEBUG | org.springframework.web.servlet.DispatcherServlet            | Completed 200 OK (FrameworkServlet.java:1138)
[http-nio-8092-exec-8] DEBUG | org.springframework.web.servlet.DispatcherServlet            | GET "/courses", parameters={} (LogFormatUtils.java:120)
[http-nio-8092-exec-8] DEBUG | org.springframework.web.servlet.mvc.method.annotation.RequestMappingHandlerMapping | Mapped to com.isi.scolaire.courses.CourseController#getAllCourses() (AbstractHandlerMapping.java:533)
[http-nio-8092-exec-8] DEBUG | org.springframework.web.servlet.mvc.method.annotation.HttpEntityMethodProcessor | Using 'application/json', given [application/json, text/plain, */*] and supported [application/json, application/*+json, application/yaml] (AbstractMessageConverterMethodProcessor.java:310)
[http-nio-8092-exec-8] DEBUG | org.springframework.web.servlet.mvc.method.annotation.HttpEntityMethodProcessor | Writing [[]] (LogFormatUtils.java:120)
[http-nio-8092-exec-8] DEBUG | org.springframework.web.servlet.DispatcherServlet            | Completed 200 OK (FrameworkServlet.java:1138)
[http-nio-8092-exec-10] DEBUG | org.springframework.web.servlet.DispatcherServlet            | GET "/subjects", parameters={} (LogFormatUtils.java:120)
[http-nio-8092-exec-10] DEBUG | org.springframework.web.servlet.mvc.method.annotation.RequestMappingHandlerMapping | Mapped to com.isi.scolaire.subjects.SubjectController#getAllSubjects() (AbstractHandlerMapping.java:533)
[http-nio-8092-exec-10] DEBUG | org.springframework.web.servlet.mvc.method.annotation.HttpEntityMethodProcessor | Using 'application/json', given [application/json, text/plain, */*] and supported [application/json, application/*+json, application/yaml] (AbstractMessageConverterMethodProcessor.java:310)
[http-nio-8092-exec-10] DEBUG | org.springframework.web.servlet.mvc.method.annotation.HttpEntityMethodProcessor | Writing [[]] (LogFormatUtils.java:120)
[http-nio-8092-exec-10] DEBUG | org.springframework.web.servlet.DispatcherServlet            | Completed 200 OK (FrameworkServlet.java:1138)
[http-nio-8092-exec-2] DEBUG | org.springframework.web.servlet.DispatcherServlet            | GET "/sessions", parameters={} (LogFormatUtils.java:120)
[http-nio-8092-exec-2] DEBUG | org.springframework.web.servlet.mvc.method.annotation.RequestMappingHandlerMapping | Mapped to com.isi.scolaire.sessions.SessionController#getAllSessions() (AbstractHandlerMapping.java:533)
[http-nio-8092-exec-2] DEBUG | org.springframework.web.servlet.mvc.method.annotation.HttpEntityMethodProcessor | Using 'application/json', given [application/json, text/plain, */*] and supported [application/json, application/*+json, application/yaml] (AbstractMessageConverterMethodProcessor.java:310)
[http-nio-8092-exec-2] DEBUG | org.springframework.web.servlet.mvc.method.annotation.HttpEntityMethodProcessor | Writing [[]] (LogFormatUtils.java:120)
[http-nio-8092-exec-2] DEBUG | org.springframework.web.servlet.DispatcherServlet            | Completed 200 OK (FrameworkServlet.java:1138)
[http-nio-8092-exec-4] DEBUG | org.springframework.web.servlet.DispatcherServlet            | GET "/sectors", parameters={} (LogFormatUtils.java:120)
[http-nio-8092-exec-4] DEBUG | org.springframework.web.servlet.mvc.method.annotation.RequestMappingHandlerMapping | Mapped to com.isi.scolaire.sectors.SectorController#getAllSectors() (AbstractHandlerMapping.java:533)
[http-nio-8092-exec-4] DEBUG | org.springframework.web.servlet.mvc.method.annotation.HttpEntityMethodProcessor | Using 'application/json', given [application/json, text/plain, */*] and supported [application/json, application/*+json, application/yaml] (AbstractMessageConverterMethodProcessor.java:310)
[http-nio-8092-exec-4] DEBUG | org.springframework.web.servlet.mvc.method.annotation.HttpEntityMethodProcessor | Writing [[]] (LogFormatUtils.java:120)
[http-nio-8092-exec-4] DEBUG | org.springframework.web.servlet.DispatcherServlet            | Completed 200 OK (FrameworkServlet.java:1138)
[http-nio-8092-exec-6] DEBUG | org.springframework.web.servlet.DispatcherServlet            | GET "/subjects", parameters={} (LogFormatUtils.java:120)
[http-nio-8092-exec-6] DEBUG | org.springframework.web.servlet.mvc.method.annotation.RequestMappingHandlerMapping | Mapped to com.isi.scolaire.subjects.SubjectController#getAllSubjects() (AbstractHandlerMapping.java:533)
[http-nio-8092-exec-9] DEBUG | org.springframework.web.servlet.DispatcherServlet            | GET "/classes", parameters={} (LogFormatUtils.java:120)
[http-nio-8092-exec-9] DEBUG | org.springframework.web.servlet.mvc.method.annotation.RequestMappingHandlerMapping | Mapped to com.isi.scolaire.classes.ClasseController#getAllClasses() (AbstractHandlerMapping.java:533)
[http-nio-8092-exec-6] DEBUG | org.springframework.web.servlet.mvc.method.annotation.HttpEntityMethodProcessor | Using 'application/json', given [application/json, text/plain, */*] and supported [application/json, application/*+json, application/yaml] (AbstractMessageConverterMethodProcessor.java:310)
[http-nio-8092-exec-6] DEBUG | org.springframework.web.servlet.mvc.method.annotation.HttpEntityMethodProcessor | Writing [[]] (LogFormatUtils.java:120)
[http-nio-8092-exec-6] DEBUG | org.springframework.web.servlet.DispatcherServlet            | Completed 200 OK (FrameworkServlet.java:1138)
[http-nio-8092-exec-9] DEBUG | org.springframework.web.servlet.mvc.method.annotation.HttpEntityMethodProcessor | Using 'application/json', given [application/json, text/plain, */*] and supported [application/json, application/*+json, application/yaml] (AbstractMessageConverterMethodProcessor.java:310)
[http-nio-8092-exec-9] DEBUG | org.springframework.web.servlet.mvc.method.annotation.HttpEntityMethodProcessor | Writing [[]] (LogFormatUtils.java:120)
[http-nio-8092-exec-9] DEBUG | org.springframework.web.servlet.DispatcherServlet            | Completed 200 OK (FrameworkServlet.java:1138)
[http-nio-8092-exec-7] DEBUG | org.springframework.web.servlet.DispatcherServlet            | GET "/agents", parameters={} (LogFormatUtils.java:120)
[http-nio-8092-exec-7] DEBUG | org.springframework.web.servlet.mvc.method.annotation.RequestMappingHandlerMapping | Mapped to com.isi.scolaire.administrativeAgent.AdministrativeAgentController#getAllAgents() (AbstractHandlerMapping.java:533)
[http-nio-8092-exec-7] DEBUG | org.springframework.web.servlet.mvc.method.annotation.HttpEntityMethodProcessor | Using 'application/json', given [application/json, text/plain, */*] and supported [application/json, application/*+json, application/yaml] (AbstractMessageConverterMethodProcessor.java:310)
[http-nio-8092-exec-7] DEBUG | org.springframework.web.servlet.mvc.method.annotation.HttpEntityMethodProcessor | Writing [[]] (LogFormatUtils.java:120)
[http-nio-8092-exec-7] DEBUG | org.springframework.web.servlet.DispatcherServlet            | Completed 200 OK (FrameworkServlet.java:1138)
[http-nio-8092-exec-1] DEBUG | org.springframework.web.servlet.DispatcherServlet            | GET "/students", parameters={} (LogFormatUtils.java:120)
[http-nio-8092-exec-1] DEBUG | org.springframework.web.servlet.mvc.method.annotation.RequestMappingHandlerMapping | Mapped to com.isi.scolaire.student.StudentController#getAllStudents() (AbstractHandlerMapping.java:533)
[http-nio-8092-exec-1] DEBUG | org.springframework.web.servlet.mvc.method.annotation.HttpEntityMethodProcessor | Using 'application/json', given [application/json, text/plain, */*] and supported [application/json, application/*+json, application/yaml] (AbstractMessageConverterMethodProcessor.java:310)
[http-nio-8092-exec-1] DEBUG | org.springframework.web.servlet.mvc.method.annotation.HttpEntityMethodProcessor | Writing [[]] (LogFormatUtils.java:120)
[http-nio-8092-exec-1] DEBUG | org.springframework.web.servlet.DispatcherServlet            | Completed 200 OK (FrameworkServlet.java:1138)
[http-nio-8092-exec-4] DEBUG | org.springframework.web.servlet.DispatcherServlet            | POST "/students", parameters={} (LogFormatUtils.java:120)
[http-nio-8092-exec-4] DEBUG | org.springframework.web.servlet.mvc.method.annotation.RequestMappingHandlerMapping | Mapped to com.isi.scolaire.student.StudentController#addStudent(StudentRequest) (AbstractHandlerMapping.java:533)
[http-nio-8092-exec-4] DEBUG | org.springframework.web.servlet.mvc.method.annotation.RequestResponseBodyMethodProcessor | Read "application/json;charset=UTF-8" to [com.isi.scolaire.student.StudentRequest@4e01e532] (LogFormatUtils.java:120)
[http-nio-8092-exec-4] DEBUG | org.springframework.web.servlet.mvc.method.annotation.HttpEntityMethodProcessor | Using 'application/json', given [application/json, text/plain, */*] and supported [application/json, application/*+json, application/yaml] (AbstractMessageConverterMethodProcessor.java:310)
[http-nio-8092-exec-4] DEBUG | org.springframework.web.servlet.mvc.method.annotation.HttpEntityMethodProcessor | Writing [com.isi.scolaire.student.StudentResponse@24ec640d] (LogFormatUtils.java:120)
[http-nio-8092-exec-4] DEBUG | org.springframework.web.servlet.DispatcherServlet            | Completed 201 CREATED (FrameworkServlet.java:1138)
[http-nio-8092-exec-5] DEBUG | org.springframework.web.servlet.DispatcherServlet            | GET "/students", parameters={} (LogFormatUtils.java:120)
[http-nio-8092-exec-5] DEBUG | org.springframework.web.servlet.mvc.method.annotation.RequestMappingHandlerMapping | Mapped to com.isi.scolaire.student.StudentController#getAllStudents() (AbstractHandlerMapping.java:533)
[http-nio-8092-exec-5] DEBUG | org.springframework.web.servlet.mvc.method.annotation.HttpEntityMethodProcessor | Using 'application/json', given [application/json, text/plain, */*] and supported [application/json, application/*+json, application/yaml] (AbstractMessageConverterMethodProcessor.java:310)
[http-nio-8092-exec-5] DEBUG | org.springframework.web.servlet.mvc.method.annotation.HttpEntityMethodProcessor | Writing [[com.isi.scolaire.student.StudentResponse@3171cf80]] (LogFormatUtils.java:120)
[http-nio-8092-exec-5] DEBUG | org.springframework.web.servlet.DispatcherServlet            | Completed 200 OK (FrameworkServlet.java:1138)
[http-nio-8092-exec-9] DEBUG | org.springframework.web.servlet.DispatcherServlet            | POST "/students", parameters={} (LogFormatUtils.java:120)
[http-nio-8092-exec-9] DEBUG | org.springframework.web.servlet.mvc.method.annotation.RequestMappingHandlerMapping | Mapped to com.isi.scolaire.student.StudentController#addStudent(StudentRequest) (AbstractHandlerMapping.java:533)
[http-nio-8092-exec-9] DEBUG | org.springframework.web.servlet.mvc.method.annotation.RequestResponseBodyMethodProcessor | Read "application/json;charset=UTF-8" to [com.isi.scolaire.student.StudentRequest@3658abaf] (LogFormatUtils.java:120)
[http-nio-8092-exec-9] DEBUG | org.springframework.web.servlet.mvc.method.annotation.HttpEntityMethodProcessor | Using 'application/json', given [application/json, text/plain, */*] and supported [application/json, application/*+json, application/yaml] (AbstractMessageConverterMethodProcessor.java:310)
[http-nio-8092-exec-9] DEBUG | org.springframework.web.servlet.mvc.method.annotation.HttpEntityMethodProcessor | Writing [com.isi.scolaire.student.StudentResponse@3cdb96bc] (LogFormatUtils.java:120)
[http-nio-8092-exec-9] DEBUG | org.springframework.web.servlet.DispatcherServlet            | Completed 201 CREATED (FrameworkServlet.java:1138)
[http-nio-8092-exec-8] DEBUG | org.springframework.web.servlet.DispatcherServlet            | GET "/students", parameters={} (LogFormatUtils.java:120)
[http-nio-8092-exec-8] DEBUG | org.springframework.web.servlet.mvc.method.annotation.RequestMappingHandlerMapping | Mapped to com.isi.scolaire.student.StudentController#getAllStudents() (AbstractHandlerMapping.java:533)
[http-nio-8092-exec-8] DEBUG | org.springframework.web.servlet.mvc.method.annotation.HttpEntityMethodProcessor | Using 'application/json', given [application/json, text/plain, */*] and supported [application/json, application/*+json, application/yaml] (AbstractMessageConverterMethodProcessor.java:310)
[http-nio-8092-exec-8] DEBUG | org.springframework.web.servlet.mvc.method.annotation.HttpEntityMethodProcessor | Writing [[com.isi.scolaire.student.StudentResponse@37ca5fcd, com.isi.scolaire.student.StudentResponse@7475c84 (truncated)...] (LogFormatUtils.java:120)
[http-nio-8092-exec-8] DEBUG | org.springframework.web.servlet.DispatcherServlet            | Completed 200 OK (FrameworkServlet.java:1138)
[http-nio-8092-exec-10] DEBUG | org.springframework.web.servlet.DispatcherServlet            | POST "/students", parameters={} (LogFormatUtils.java:120)
[http-nio-8092-exec-10] DEBUG | org.springframework.web.servlet.mvc.method.annotation.RequestMappingHandlerMapping | Mapped to com.isi.scolaire.student.StudentController#addStudent(StudentRequest) (AbstractHandlerMapping.java:533)
[http-nio-8092-exec-10] DEBUG | org.springframework.web.servlet.mvc.method.annotation.RequestResponseBodyMethodProcessor | Read "application/json;charset=UTF-8" to [com.isi.scolaire.student.StudentRequest@62cecc3b] (LogFormatUtils.java:120)
[http-nio-8092-exec-10] DEBUG | org.springframework.web.servlet.mvc.method.annotation.HttpEntityMethodProcessor | Using 'application/json', given [application/json, text/plain, */*] and supported [application/json, application/*+json, application/yaml] (AbstractMessageConverterMethodProcessor.java:310)
[http-nio-8092-exec-10] DEBUG | org.springframework.web.servlet.mvc.method.annotation.HttpEntityMethodProcessor | Writing [com.isi.scolaire.student.StudentResponse@402de7af] (LogFormatUtils.java:120)
[http-nio-8092-exec-10] DEBUG | org.springframework.web.servlet.DispatcherServlet            | Completed 201 CREATED (FrameworkServlet.java:1138)
[http-nio-8092-exec-1] DEBUG | org.springframework.web.servlet.DispatcherServlet            | GET "/students", parameters={} (LogFormatUtils.java:120)
[http-nio-8092-exec-1] DEBUG | org.springframework.web.servlet.mvc.method.annotation.RequestMappingHandlerMapping | Mapped to com.isi.scolaire.student.StudentController#getAllStudents() (AbstractHandlerMapping.java:533)
[http-nio-8092-exec-1] DEBUG | org.springframework.web.servlet.mvc.method.annotation.HttpEntityMethodProcessor | Using 'application/json', given [application/json, text/plain, */*] and supported [application/json, application/*+json, application/yaml] (AbstractMessageConverterMethodProcessor.java:310)
[http-nio-8092-exec-1] DEBUG | org.springframework.web.servlet.mvc.method.annotation.HttpEntityMethodProcessor | Writing [[com.isi.scolaire.student.StudentResponse@60aea670, com.isi.scolaire.student.StudentResponse@2f8ffe9 (truncated)...] (LogFormatUtils.java:120)
[http-nio-8092-exec-1] DEBUG | org.springframework.web.servlet.DispatcherServlet            | Completed 200 OK (FrameworkServlet.java:1138)
[http-nio-8092-exec-3] DEBUG | org.springframework.web.servlet.DispatcherServlet            | GET "/teachers", parameters={} (LogFormatUtils.java:120)
[http-nio-8092-exec-3] DEBUG | org.springframework.web.servlet.mvc.method.annotation.RequestMappingHandlerMapping | Mapped to com.isi.scolaire.teacher.TeacherController#getAllTeachers() (AbstractHandlerMapping.java:533)
[http-nio-8092-exec-3] DEBUG | org.springframework.web.servlet.mvc.method.annotation.HttpEntityMethodProcessor | Using 'application/json', given [application/json, text/plain, */*] and supported [application/json, application/*+json, application/yaml] (AbstractMessageConverterMethodProcessor.java:310)
[http-nio-8092-exec-3] DEBUG | org.springframework.web.servlet.mvc.method.annotation.HttpEntityMethodProcessor | Writing [[]] (LogFormatUtils.java:120)
[http-nio-8092-exec-3] DEBUG | org.springframework.web.servlet.DispatcherServlet            | Completed 200 OK (FrameworkServlet.java:1138)
[http-nio-8092-exec-5] DEBUG | org.springframework.web.servlet.DispatcherServlet            | POST "/teachers", parameters={} (LogFormatUtils.java:120)
[http-nio-8092-exec-5] DEBUG | org.springframework.web.servlet.mvc.method.annotation.RequestMappingHandlerMapping | Mapped to com.isi.scolaire.teacher.TeacherController#addTeacher(TeacherRequest) (AbstractHandlerMapping.java:533)
[http-nio-8092-exec-5] DEBUG | org.springframework.web.servlet.mvc.method.annotation.RequestResponseBodyMethodProcessor | Read "application/json;charset=UTF-8" to [com.isi.scolaire.teacher.TeacherRequest@7b019139] (LogFormatUtils.java:120)
[http-nio-8092-exec-5] DEBUG | org.springframework.web.servlet.mvc.method.annotation.HttpEntityMethodProcessor | Using 'application/json', given [application/json, text/plain, */*] and supported [application/json, application/*+json, application/yaml] (AbstractMessageConverterMethodProcessor.java:310)
[http-nio-8092-exec-5] DEBUG | org.springframework.web.servlet.mvc.method.annotation.HttpEntityMethodProcessor | Writing [com.isi.scolaire.teacher.TeacherResponse@191f65fb] (LogFormatUtils.java:120)
[http-nio-8092-exec-5] DEBUG | org.springframework.web.servlet.DispatcherServlet            | Completed 201 CREATED (FrameworkServlet.java:1138)
[http-nio-8092-exec-6] DEBUG | org.springframework.web.servlet.DispatcherServlet            | GET "/teachers", parameters={} (LogFormatUtils.java:120)
[http-nio-8092-exec-6] DEBUG | org.springframework.web.servlet.mvc.method.annotation.RequestMappingHandlerMapping | Mapped to com.isi.scolaire.teacher.TeacherController#getAllTeachers() (AbstractHandlerMapping.java:533)
[http-nio-8092-exec-6] DEBUG | org.springframework.web.servlet.mvc.method.annotation.HttpEntityMethodProcessor | Using 'application/json', given [application/json, text/plain, */*] and supported [application/json, application/*+json, application/yaml] (AbstractMessageConverterMethodProcessor.java:310)
[http-nio-8092-exec-6] DEBUG | org.springframework.web.servlet.mvc.method.annotation.HttpEntityMethodProcessor | Writing [[com.isi.scolaire.teacher.TeacherResponse@2ba22879]] (LogFormatUtils.java:120)
[http-nio-8092-exec-6] DEBUG | org.springframework.web.servlet.DispatcherServlet            | Completed 200 OK (FrameworkServlet.java:1138)
[http-nio-8092-exec-7] DEBUG | org.springframework.web.servlet.DispatcherServlet            | POST "/teachers", parameters={} (LogFormatUtils.java:120)
[http-nio-8092-exec-7] DEBUG | org.springframework.web.servlet.mvc.method.annotation.RequestMappingHandlerMapping | Mapped to com.isi.scolaire.teacher.TeacherController#addTeacher(TeacherRequest) (AbstractHandlerMapping.java:533)
[http-nio-8092-exec-7] DEBUG | org.springframework.web.servlet.mvc.method.annotation.RequestResponseBodyMethodProcessor | Read "application/json;charset=UTF-8" to [com.isi.scolaire.teacher.TeacherRequest@2c2ef9b4] (LogFormatUtils.java:120)
[http-nio-8092-exec-7] DEBUG | org.springframework.web.servlet.mvc.method.annotation.HttpEntityMethodProcessor | Using 'application/json', given [application/json, text/plain, */*] and supported [application/json, application/*+json, application/yaml] (AbstractMessageConverterMethodProcessor.java:310)
[http-nio-8092-exec-7] DEBUG | org.springframework.web.servlet.mvc.method.annotation.HttpEntityMethodProcessor | Writing [com.isi.scolaire.teacher.TeacherResponse@146d17fc] (LogFormatUtils.java:120)
[http-nio-8092-exec-7] DEBUG | org.springframework.web.servlet.DispatcherServlet            | Completed 201 CREATED (FrameworkServlet.java:1138)
[http-nio-8092-exec-1] DEBUG | org.springframework.web.servlet.DispatcherServlet            | GET "/teachers", parameters={} (LogFormatUtils.java:120)
[http-nio-8092-exec-1] DEBUG | org.springframework.web.servlet.mvc.method.annotation.RequestMappingHandlerMapping | Mapped to com.isi.scolaire.teacher.TeacherController#getAllTeachers() (AbstractHandlerMapping.java:533)
[http-nio-8092-exec-1] DEBUG | org.springframework.web.servlet.mvc.method.annotation.HttpEntityMethodProcessor | Using 'application/json', given [application/json, text/plain, */*] and supported [application/json, application/*+json, application/yaml] (AbstractMessageConverterMethodProcessor.java:310)
[http-nio-8092-exec-1] DEBUG | org.springframework.web.servlet.mvc.method.annotation.HttpEntityMethodProcessor | Writing [[com.isi.scolaire.teacher.TeacherResponse@8d51adc, com.isi.scolaire.teacher.TeacherResponse@3553c251 (truncated)...] (LogFormatUtils.java:120)
[http-nio-8092-exec-1] DEBUG | org.springframework.web.servlet.DispatcherServlet            | Completed 200 OK (FrameworkServlet.java:1138)
[http-nio-8092-exec-3] DEBUG | org.springframework.web.servlet.DispatcherServlet            | GET "/registrations", parameters={} (LogFormatUtils.java:120)
[http-nio-8092-exec-3] DEBUG | org.springframework.web.servlet.mvc.method.annotation.RequestMappingHandlerMapping | Mapped to com.isi.scolaire.registration.RegistrationController#getAllRegistrations() (AbstractHandlerMapping.java:533)
[http-nio-8092-exec-3] DEBUG | org.springframework.web.servlet.mvc.method.annotation.HttpEntityMethodProcessor | Using 'application/json', given [application/json, text/plain, */*] and supported [application/json, application/*+json, application/yaml] (AbstractMessageConverterMethodProcessor.java:310)
[http-nio-8092-exec-3] DEBUG | org.springframework.web.servlet.mvc.method.annotation.HttpEntityMethodProcessor | Writing [[]] (LogFormatUtils.java:120)
[http-nio-8092-exec-3] DEBUG | org.springframework.web.servlet.DispatcherServlet            | Completed 200 OK (FrameworkServlet.java:1138)
[http-nio-8092-exec-7] DEBUG | org.springframework.web.servlet.DispatcherServlet            | GET "/classes", parameters={} (LogFormatUtils.java:120)
[http-nio-8092-exec-10] DEBUG | org.springframework.web.servlet.DispatcherServlet            | GET "/academieYears", parameters={} (LogFormatUtils.java:120)
[http-nio-8092-exec-7] DEBUG | org.springframework.web.servlet.mvc.method.annotation.RequestMappingHandlerMapping | Mapped to com.isi.scolaire.classes.ClasseController#getAllClasses() (AbstractHandlerMapping.java:533)
[http-nio-8092-exec-10] DEBUG | org.springframework.web.servlet.mvc.method.annotation.RequestMappingHandlerMapping | Mapped to com.isi.scolaire.academieYear.AcademieYearController#getAllAcademieYears() (AbstractHandlerMapping.java:533)
[http-nio-8092-exec-1] DEBUG | org.springframework.web.servlet.DispatcherServlet            | GET "/programs", parameters={} (LogFormatUtils.java:120)
[http-nio-8092-exec-1] DEBUG | org.springframework.web.servlet.mvc.method.annotation.RequestMappingHandlerMapping | Mapped to com.isi.scolaire.program.ProgramController#getAllPrograms() (AbstractHandlerMapping.java:533)
[http-nio-8092-exec-2] DEBUG | org.springframework.web.servlet.DispatcherServlet            | GET "/students", parameters={} (LogFormatUtils.java:120)
[http-nio-8092-exec-3] DEBUG | org.springframework.web.servlet.DispatcherServlet            | GET "/agents", parameters={} (LogFormatUtils.java:120)
[http-nio-8092-exec-3] DEBUG | org.springframework.web.servlet.mvc.method.annotation.RequestMappingHandlerMapping | Mapped to com.isi.scolaire.administrativeAgent.AdministrativeAgentController#getAllAgents() (AbstractHandlerMapping.java:533)
[http-nio-8092-exec-2] DEBUG | org.springframework.web.servlet.mvc.method.annotation.RequestMappingHandlerMapping | Mapped to com.isi.scolaire.student.StudentController#getAllStudents() (AbstractHandlerMapping.java:533)
[http-nio-8092-exec-7] DEBUG | org.springframework.web.servlet.mvc.method.annotation.HttpEntityMethodProcessor | Using 'application/json', given [application/json, text/plain, */*] and supported [application/json, application/*+json, application/yaml] (AbstractMessageConverterMethodProcessor.java:310)
[http-nio-8092-exec-10] DEBUG | org.springframework.web.servlet.mvc.method.annotation.HttpEntityMethodProcessor | Using 'application/json', given [application/json, text/plain, */*] and supported [application/json, application/*+json, application/yaml] (AbstractMessageConverterMethodProcessor.java:310)
[http-nio-8092-exec-7] DEBUG | org.springframework.web.servlet.mvc.method.annotation.HttpEntityMethodProcessor | Writing [[]] (LogFormatUtils.java:120)
[http-nio-8092-exec-10] DEBUG | org.springframework.web.servlet.mvc.method.annotation.HttpEntityMethodProcessor | Writing [[]] (LogFormatUtils.java:120)
[http-nio-8092-exec-7] DEBUG | org.springframework.web.servlet.DispatcherServlet            | Completed 200 OK (FrameworkServlet.java:1138)
[http-nio-8092-exec-10] DEBUG | org.springframework.web.servlet.DispatcherServlet            | Completed 200 OK (FrameworkServlet.java:1138)
[http-nio-8092-exec-1] DEBUG | org.springframework.web.servlet.mvc.method.annotation.HttpEntityMethodProcessor | Using 'application/json', given [application/json, text/plain, */*] and supported [application/json, application/*+json, application/yaml] (AbstractMessageConverterMethodProcessor.java:310)
[http-nio-8092-exec-1] DEBUG | org.springframework.web.servlet.mvc.method.annotation.HttpEntityMethodProcessor | Writing [[]] (LogFormatUtils.java:120)
[http-nio-8092-exec-1] DEBUG | org.springframework.web.servlet.DispatcherServlet            | Completed 200 OK (FrameworkServlet.java:1138)
[http-nio-8092-exec-3] DEBUG | org.springframework.web.servlet.mvc.method.annotation.HttpEntityMethodProcessor | Using 'application/json', given [application/json, text/plain, */*] and supported [application/json, application/*+json, application/yaml] (AbstractMessageConverterMethodProcessor.java:310)
[http-nio-8092-exec-2] DEBUG | org.springframework.web.servlet.mvc.method.annotation.HttpEntityMethodProcessor | Using 'application/json', given [application/json, text/plain, */*] and supported [application/json, application/*+json, application/yaml] (AbstractMessageConverterMethodProcessor.java:310)
[http-nio-8092-exec-3] DEBUG | org.springframework.web.servlet.mvc.method.annotation.HttpEntityMethodProcessor | Writing [[]] (LogFormatUtils.java:120)
[http-nio-8092-exec-2] DEBUG | org.springframework.web.servlet.mvc.method.annotation.HttpEntityMethodProcessor | Writing [[com.isi.scolaire.student.StudentResponse@6294e4, com.isi.scolaire.student.StudentResponse@64adf98d, (truncated)...] (LogFormatUtils.java:120)
[http-nio-8092-exec-3] DEBUG | org.springframework.web.servlet.DispatcherServlet            | Completed 200 OK (FrameworkServlet.java:1138)
[http-nio-8092-exec-2] DEBUG | org.springframework.web.servlet.DispatcherServlet            | Completed 200 OK (FrameworkServlet.java:1138)
[http-nio-8092-exec-6] DEBUG | org.springframework.web.servlet.DispatcherServlet            | GET "/agents", parameters={} (LogFormatUtils.java:120)
[http-nio-8092-exec-6] DEBUG | org.springframework.web.servlet.mvc.method.annotation.RequestMappingHandlerMapping | Mapped to com.isi.scolaire.administrativeAgent.AdministrativeAgentController#getAllAgents() (AbstractHandlerMapping.java:533)
[http-nio-8092-exec-6] DEBUG | org.springframework.web.servlet.mvc.method.annotation.HttpEntityMethodProcessor | Using 'application/json', given [application/json, text/plain, */*] and supported [application/json, application/*+json, application/yaml] (AbstractMessageConverterMethodProcessor.java:310)
[http-nio-8092-exec-6] DEBUG | org.springframework.web.servlet.mvc.method.annotation.HttpEntityMethodProcessor | Writing [[]] (LogFormatUtils.java:120)
[http-nio-8092-exec-6] DEBUG | org.springframework.web.servlet.DispatcherServlet            | Completed 200 OK (FrameworkServlet.java:1138)
[http-nio-8092-exec-3] DEBUG | org.springframework.web.servlet.DispatcherServlet            | POST "/agents", parameters={} (LogFormatUtils.java:120)
[http-nio-8092-exec-3] DEBUG | org.springframework.web.servlet.mvc.method.annotation.RequestMappingHandlerMapping | Mapped to com.isi.scolaire.administrativeAgent.AdministrativeAgentController#addAgent(AdministrativeAgentRequest) (AbstractHandlerMapping.java:533)
[http-nio-8092-exec-3] DEBUG | org.springframework.web.servlet.mvc.method.annotation.RequestResponseBodyMethodProcessor | Read "application/json;charset=UTF-8" to [com.isi.scolaire.administrativeAgent.AdministrativeAgentRequest@271f7342] (LogFormatUtils.java:120)
[http-nio-8092-exec-3] DEBUG | org.springframework.web.servlet.mvc.method.annotation.HttpEntityMethodProcessor | Using 'application/json', given [application/json, text/plain, */*] and supported [application/json, application/*+json, application/yaml] (AbstractMessageConverterMethodProcessor.java:310)
[http-nio-8092-exec-3] DEBUG | org.springframework.web.servlet.mvc.method.annotation.HttpEntityMethodProcessor | Writing [com.isi.scolaire.administrativeAgent.AdministrativeAgentResponse@6d43aa5] (LogFormatUtils.java:120)
[http-nio-8092-exec-3] DEBUG | org.springframework.web.servlet.DispatcherServlet            | Completed 201 CREATED (FrameworkServlet.java:1138)
[http-nio-8092-exec-2] DEBUG | org.springframework.web.servlet.DispatcherServlet            | GET "/agents", parameters={} (LogFormatUtils.java:120)
[http-nio-8092-exec-2] DEBUG | org.springframework.web.servlet.mvc.method.annotation.RequestMappingHandlerMapping | Mapped to com.isi.scolaire.administrativeAgent.AdministrativeAgentController#getAllAgents() (AbstractHandlerMapping.java:533)
[http-nio-8092-exec-2] DEBUG | org.springframework.web.servlet.mvc.method.annotation.HttpEntityMethodProcessor | Using 'application/json', given [application/json, text/plain, */*] and supported [application/json, application/*+json, application/yaml] (AbstractMessageConverterMethodProcessor.java:310)
[http-nio-8092-exec-2] DEBUG | org.springframework.web.servlet.mvc.method.annotation.HttpEntityMethodProcessor | Writing [[com.isi.scolaire.administrativeAgent.AdministrativeAgentResponse@558b5d80]] (LogFormatUtils.java:120)
[http-nio-8092-exec-2] DEBUG | org.springframework.web.servlet.DispatcherServlet            | Completed 200 OK (FrameworkServlet.java:1138)
[http-nio-8092-exec-9] DEBUG | org.springframework.web.servlet.DispatcherServlet            | POST "/agents", parameters={} (LogFormatUtils.java:120)
[http-nio-8092-exec-9] DEBUG | org.springframework.web.servlet.mvc.method.annotation.RequestMappingHandlerMapping | Mapped to com.isi.scolaire.administrativeAgent.AdministrativeAgentController#addAgent(AdministrativeAgentRequest) (AbstractHandlerMapping.java:533)
[http-nio-8092-exec-9] DEBUG | org.springframework.web.servlet.mvc.method.annotation.RequestResponseBodyMethodProcessor | Read "application/json;charset=UTF-8" to [com.isi.scolaire.administrativeAgent.AdministrativeAgentRequest@151ebfb9] (LogFormatUtils.java:120)
[http-nio-8092-exec-9] DEBUG | org.springframework.web.servlet.mvc.method.annotation.HttpEntityMethodProcessor | Using 'application/json', given [application/json, text/plain, */*] and supported [application/json, application/*+json, application/yaml] (AbstractMessageConverterMethodProcessor.java:310)
[http-nio-8092-exec-9] DEBUG | org.springframework.web.servlet.mvc.method.annotation.HttpEntityMethodProcessor | Writing [com.isi.scolaire.administrativeAgent.AdministrativeAgentResponse@2d3d08c7] (LogFormatUtils.java:120)
[http-nio-8092-exec-9] DEBUG | org.springframework.web.servlet.DispatcherServlet            | Completed 201 CREATED (FrameworkServlet.java:1138)
[http-nio-8092-exec-5] DEBUG | org.springframework.web.servlet.DispatcherServlet            | GET "/agents", parameters={} (LogFormatUtils.java:120)
[http-nio-8092-exec-5] DEBUG | org.springframework.web.servlet.mvc.method.annotation.RequestMappingHandlerMapping | Mapped to com.isi.scolaire.administrativeAgent.AdministrativeAgentController#getAllAgents() (AbstractHandlerMapping.java:533)
[http-nio-8092-exec-5] DEBUG | org.springframework.web.servlet.mvc.method.annotation.HttpEntityMethodProcessor | Using 'application/json', given [application/json, text/plain, */*] and supported [application/json, application/*+json, application/yaml] (AbstractMessageConverterMethodProcessor.java:310)
[http-nio-8092-exec-5] DEBUG | org.springframework.web.servlet.mvc.method.annotation.HttpEntityMethodProcessor | Writing [[com.isi.scolaire.administrativeAgent.AdministrativeAgentResponse@52806f93, com.isi.scolaire.adminis (truncated)...] (LogFormatUtils.java:120)
[http-nio-8092-exec-5] DEBUG | org.springframework.web.servlet.DispatcherServlet            | Completed 200 OK (FrameworkServlet.java:1138)
[http-nio-8092-exec-8] DEBUG | org.springframework.web.servlet.DispatcherServlet            | GET "/students", parameters={} (LogFormatUtils.java:120)
[http-nio-8092-exec-8] DEBUG | org.springframework.web.servlet.mvc.method.annotation.RequestMappingHandlerMapping | Mapped to com.isi.scolaire.student.StudentController#getAllStudents() (AbstractHandlerMapping.java:533)
[http-nio-8092-exec-8] DEBUG | org.springframework.web.servlet.mvc.method.annotation.HttpEntityMethodProcessor | Using 'application/json', given [application/json, text/plain, */*] and supported [application/json, application/*+json, application/yaml] (AbstractMessageConverterMethodProcessor.java:310)
[http-nio-8092-exec-8] DEBUG | org.springframework.web.servlet.mvc.method.annotation.HttpEntityMethodProcessor | Writing [[com.isi.scolaire.student.StudentResponse@40e8fba2, com.isi.scolaire.student.StudentResponse@53b65f1 (truncated)...] (LogFormatUtils.java:120)
[http-nio-8092-exec-8] DEBUG | org.springframework.web.servlet.DispatcherServlet            | Completed 200 OK (FrameworkServlet.java:1138)
[http-nio-8092-exec-1] DEBUG | org.springframework.web.servlet.DispatcherServlet            | GET "/teachers", parameters={} (LogFormatUtils.java:120)
[http-nio-8092-exec-1] DEBUG | org.springframework.web.servlet.mvc.method.annotation.RequestMappingHandlerMapping | Mapped to com.isi.scolaire.teacher.TeacherController#getAllTeachers() (AbstractHandlerMapping.java:533)
[http-nio-8092-exec-1] DEBUG | org.springframework.web.servlet.mvc.method.annotation.HttpEntityMethodProcessor | Using 'application/json', given [application/json, text/plain, */*] and supported [application/json, application/*+json, application/yaml] (AbstractMessageConverterMethodProcessor.java:310)
[http-nio-8092-exec-1] DEBUG | org.springframework.web.servlet.mvc.method.annotation.HttpEntityMethodProcessor | Writing [[com.isi.scolaire.teacher.TeacherResponse@70df32d9, com.isi.scolaire.teacher.TeacherResponse@2906bae (truncated)...] (LogFormatUtils.java:120)
[http-nio-8092-exec-1] DEBUG | org.springframework.web.servlet.DispatcherServlet            | Completed 200 OK (FrameworkServlet.java:1138)
[http-nio-8092-exec-2] DEBUG | org.springframework.web.servlet.DispatcherServlet            | GET "/registrations", parameters={} (LogFormatUtils.java:120)
[http-nio-8092-exec-2] DEBUG | org.springframework.web.servlet.mvc.method.annotation.RequestMappingHandlerMapping | Mapped to com.isi.scolaire.registration.RegistrationController#getAllRegistrations() (AbstractHandlerMapping.java:533)
[http-nio-8092-exec-2] DEBUG | org.springframework.web.servlet.mvc.method.annotation.HttpEntityMethodProcessor | Using 'application/json', given [application/json, text/plain, */*] and supported [application/json, application/*+json, application/yaml] (AbstractMessageConverterMethodProcessor.java:310)
[http-nio-8092-exec-2] DEBUG | org.springframework.web.servlet.mvc.method.annotation.HttpEntityMethodProcessor | Writing [[]] (LogFormatUtils.java:120)
[http-nio-8092-exec-2] DEBUG | org.springframework.web.servlet.DispatcherServlet            | Completed 200 OK (FrameworkServlet.java:1138)
[http-nio-8092-exec-6] DEBUG | org.springframework.web.servlet.DispatcherServlet            | GET "/courses", parameters={} (LogFormatUtils.java:120)
[http-nio-8092-exec-6] DEBUG | org.springframework.web.servlet.mvc.method.annotation.RequestMappingHandlerMapping | Mapped to com.isi.scolaire.courses.CourseController#getAllCourses() (AbstractHandlerMapping.java:533)
[http-nio-8092-exec-6] DEBUG | org.springframework.web.servlet.mvc.method.annotation.HttpEntityMethodProcessor | Using 'application/json', given [application/json, text/plain, */*] and supported [application/json, application/*+json, application/yaml] (AbstractMessageConverterMethodProcessor.java:310)
[http-nio-8092-exec-6] DEBUG | org.springframework.web.servlet.mvc.method.annotation.HttpEntityMethodProcessor | Writing [[]] (LogFormatUtils.java:120)
[http-nio-8092-exec-6] DEBUG | org.springframework.web.servlet.DispatcherServlet            | Completed 200 OK (FrameworkServlet.java:1138)
[http-nio-8092-exec-8] DEBUG | org.springframework.web.servlet.DispatcherServlet            | GET "/classes", parameters={} (LogFormatUtils.java:120)
[http-nio-8092-exec-8] DEBUG | org.springframework.web.servlet.mvc.method.annotation.RequestMappingHandlerMapping | Mapped to com.isi.scolaire.classes.ClasseController#getAllClasses() (AbstractHandlerMapping.java:533)
[http-nio-8092-exec-1] DEBUG | org.springframework.web.servlet.DispatcherServlet            | GET "/halfYearly", parameters={} (LogFormatUtils.java:120)
[http-nio-8092-exec-1] DEBUG | org.springframework.web.servlet.mvc.method.annotation.RequestMappingHandlerMapping | Mapped to com.isi.scolaire.halfYearly.HalfYearlyController#getAllHalfYearly() (AbstractHandlerMapping.java:533)
[http-nio-8092-exec-2] DEBUG | org.springframework.web.servlet.DispatcherServlet            | GET "/academieYears", parameters={} (LogFormatUtils.java:120)
[http-nio-8092-exec-3] DEBUG | org.springframework.web.servlet.DispatcherServlet            | GET "/subjects", parameters={} (LogFormatUtils.java:120)
[http-nio-8092-exec-2] DEBUG | org.springframework.web.servlet.mvc.method.annotation.RequestMappingHandlerMapping | Mapped to com.isi.scolaire.academieYear.AcademieYearController#getAllAcademieYears() (AbstractHandlerMapping.java:533)
[http-nio-8092-exec-3] DEBUG | org.springframework.web.servlet.mvc.method.annotation.RequestMappingHandlerMapping | Mapped to com.isi.scolaire.subjects.SubjectController#getAllSubjects() (AbstractHandlerMapping.java:533)
[http-nio-8092-exec-8] DEBUG | org.springframework.web.servlet.mvc.method.annotation.HttpEntityMethodProcessor | Using 'application/json', given [application/json, text/plain, */*] and supported [application/json, application/*+json, application/yaml] (AbstractMessageConverterMethodProcessor.java:310)
[http-nio-8092-exec-8] DEBUG | org.springframework.web.servlet.mvc.method.annotation.HttpEntityMethodProcessor | Writing [[]] (LogFormatUtils.java:120)
[http-nio-8092-exec-8] DEBUG | org.springframework.web.servlet.DispatcherServlet            | Completed 200 OK (FrameworkServlet.java:1138)
[http-nio-8092-exec-1] DEBUG | org.springframework.web.servlet.mvc.method.annotation.HttpEntityMethodProcessor | Using 'application/json', given [application/json, text/plain, */*] and supported [application/json, application/*+json, application/yaml] (AbstractMessageConverterMethodProcessor.java:310)
[http-nio-8092-exec-2] DEBUG | org.springframework.web.servlet.mvc.method.annotation.HttpEntityMethodProcessor | Using 'application/json', given [application/json, text/plain, */*] and supported [application/json, application/*+json, application/yaml] (AbstractMessageConverterMethodProcessor.java:310)
[http-nio-8092-exec-1] DEBUG | org.springframework.web.servlet.mvc.method.annotation.HttpEntityMethodProcessor | Writing [[]] (LogFormatUtils.java:120)
[http-nio-8092-exec-2] DEBUG | org.springframework.web.servlet.mvc.method.annotation.HttpEntityMethodProcessor | Writing [[]] (LogFormatUtils.java:120)
[http-nio-8092-exec-3] DEBUG | org.springframework.web.servlet.mvc.method.annotation.HttpEntityMethodProcessor | Using 'application/json', given [application/json, text/plain, */*] and supported [application/json, application/*+json, application/yaml] (AbstractMessageConverterMethodProcessor.java:310)
[http-nio-8092-exec-2] DEBUG | org.springframework.web.servlet.DispatcherServlet            | Completed 200 OK (FrameworkServlet.java:1138)
[http-nio-8092-exec-1] DEBUG | org.springframework.web.servlet.DispatcherServlet            | Completed 200 OK (FrameworkServlet.java:1138)
[http-nio-8092-exec-3] DEBUG | org.springframework.web.servlet.mvc.method.annotation.HttpEntityMethodProcessor | Writing [[]] (LogFormatUtils.java:120)
[http-nio-8092-exec-3] DEBUG | org.springframework.web.servlet.DispatcherServlet            | Completed 200 OK (FrameworkServlet.java:1138)
[http-nio-8092-exec-4] DEBUG | org.springframework.web.servlet.DispatcherServlet            | GET "/subjects", parameters={} (LogFormatUtils.java:120)
[http-nio-8092-exec-4] DEBUG | org.springframework.web.servlet.mvc.method.annotation.RequestMappingHandlerMapping | Mapped to com.isi.scolaire.subjects.SubjectController#getAllSubjects() (AbstractHandlerMapping.java:533)
[http-nio-8092-exec-4] DEBUG | org.springframework.web.servlet.mvc.method.annotation.HttpEntityMethodProcessor | Using 'application/json', given [application/json, text/plain, */*] and supported [application/json, application/*+json, application/yaml] (AbstractMessageConverterMethodProcessor.java:310)
[http-nio-8092-exec-4] DEBUG | org.springframework.web.servlet.mvc.method.annotation.HttpEntityMethodProcessor | Writing [[]] (LogFormatUtils.java:120)
[http-nio-8092-exec-4] DEBUG | org.springframework.web.servlet.DispatcherServlet            | Completed 200 OK (FrameworkServlet.java:1138)
[http-nio-8092-exec-8] DEBUG | org.springframework.web.servlet.DispatcherServlet            | GET "/sectors", parameters={} (LogFormatUtils.java:120)
[http-nio-8092-exec-8] DEBUG | org.springframework.web.servlet.mvc.method.annotation.RequestMappingHandlerMapping | Mapped to com.isi.scolaire.sectors.SectorController#getAllSectors() (AbstractHandlerMapping.java:533)
[http-nio-8092-exec-8] DEBUG | org.springframework.web.servlet.mvc.method.annotation.HttpEntityMethodProcessor | Using 'application/json', given [application/json, text/plain, */*] and supported [application/json, application/*+json, application/yaml] (AbstractMessageConverterMethodProcessor.java:310)
[http-nio-8092-exec-8] DEBUG | org.springframework.web.servlet.mvc.method.annotation.HttpEntityMethodProcessor | Writing [[]] (LogFormatUtils.java:120)
[http-nio-8092-exec-8] DEBUG | org.springframework.web.servlet.DispatcherServlet            | Completed 200 OK (FrameworkServlet.java:1138)
[http-nio-8092-exec-2] DEBUG | org.springframework.web.servlet.DispatcherServlet            | POST "/sectors", parameters={} (LogFormatUtils.java:120)
[http-nio-8092-exec-2] DEBUG | org.springframework.web.servlet.mvc.method.annotation.RequestMappingHandlerMapping | Mapped to com.isi.scolaire.sectors.SectorController#addKind(SectorRequest) (AbstractHandlerMapping.java:533)
[http-nio-8092-exec-2] DEBUG | org.springframework.web.servlet.mvc.method.annotation.RequestResponseBodyMethodProcessor | Read "application/json;charset=UTF-8" to [com.isi.scolaire.sectors.SectorRequest@26860d9] (LogFormatUtils.java:120)
[http-nio-8092-exec-2] DEBUG | org.springframework.web.servlet.mvc.method.annotation.HttpEntityMethodProcessor | Using 'application/json', given [application/json, text/plain, */*] and supported [application/json, application/*+json, application/yaml] (AbstractMessageConverterMethodProcessor.java:310)
[http-nio-8092-exec-2] DEBUG | org.springframework.web.servlet.mvc.method.annotation.HttpEntityMethodProcessor | Writing [com.isi.scolaire.sectors.SectorResponse@4edeaeef] (LogFormatUtils.java:120)
[http-nio-8092-exec-2] DEBUG | org.springframework.web.servlet.DispatcherServlet            | Completed 201 CREATED (FrameworkServlet.java:1138)
[http-nio-8092-exec-3] DEBUG | org.springframework.web.servlet.DispatcherServlet            | GET "/sectors", parameters={} (LogFormatUtils.java:120)
[http-nio-8092-exec-3] DEBUG | org.springframework.web.servlet.mvc.method.annotation.RequestMappingHandlerMapping | Mapped to com.isi.scolaire.sectors.SectorController#getAllSectors() (AbstractHandlerMapping.java:533)
[http-nio-8092-exec-3] DEBUG | org.springframework.web.servlet.mvc.method.annotation.HttpEntityMethodProcessor | Using 'application/json', given [application/json, text/plain, */*] and supported [application/json, application/*+json, application/yaml] (AbstractMessageConverterMethodProcessor.java:310)
[http-nio-8092-exec-3] DEBUG | org.springframework.web.servlet.mvc.method.annotation.HttpEntityMethodProcessor | Writing [[com.isi.scolaire.sectors.SectorResponse@1575c16c]] (LogFormatUtils.java:120)
[http-nio-8092-exec-3] DEBUG | org.springframework.web.servlet.DispatcherServlet            | Completed 200 OK (FrameworkServlet.java:1138)
[http-nio-8092-exec-5] DEBUG | org.springframework.web.servlet.DispatcherServlet            | POST "/sectors", parameters={} (LogFormatUtils.java:120)
[http-nio-8092-exec-5] DEBUG | org.springframework.web.servlet.mvc.method.annotation.RequestMappingHandlerMapping | Mapped to com.isi.scolaire.sectors.SectorController#addKind(SectorRequest) (AbstractHandlerMapping.java:533)
[http-nio-8092-exec-5] DEBUG | org.springframework.web.servlet.mvc.method.annotation.RequestResponseBodyMethodProcessor | Read "application/json;charset=UTF-8" to [com.isi.scolaire.sectors.SectorRequest@1edb9d7b] (LogFormatUtils.java:120)
[http-nio-8092-exec-5] DEBUG | org.springframework.web.servlet.mvc.method.annotation.HttpEntityMethodProcessor | Using 'application/json', given [application/json, text/plain, */*] and supported [application/json, application/*+json, application/yaml] (AbstractMessageConverterMethodProcessor.java:310)
[http-nio-8092-exec-5] DEBUG | org.springframework.web.servlet.mvc.method.annotation.HttpEntityMethodProcessor | Writing [com.isi.scolaire.sectors.SectorResponse@2603bec4] (LogFormatUtils.java:120)
[http-nio-8092-exec-5] DEBUG | org.springframework.web.servlet.DispatcherServlet            | Completed 201 CREATED (FrameworkServlet.java:1138)
[http-nio-8092-exec-6] DEBUG | org.springframework.web.servlet.DispatcherServlet            | GET "/sectors", parameters={} (LogFormatUtils.java:120)
[http-nio-8092-exec-6] DEBUG | org.springframework.web.servlet.mvc.method.annotation.RequestMappingHandlerMapping | Mapped to com.isi.scolaire.sectors.SectorController#getAllSectors() (AbstractHandlerMapping.java:533)
[http-nio-8092-exec-6] DEBUG | org.springframework.web.servlet.mvc.method.annotation.HttpEntityMethodProcessor | Using 'application/json', given [application/json, text/plain, */*] and supported [application/json, application/*+json, application/yaml] (AbstractMessageConverterMethodProcessor.java:310)
[http-nio-8092-exec-6] DEBUG | org.springframework.web.servlet.mvc.method.annotation.HttpEntityMethodProcessor | Writing [[com.isi.scolaire.sectors.SectorResponse@7682ffb3, com.isi.scolaire.sectors.SectorResponse@54fd6b99]] (LogFormatUtils.java:120)
[http-nio-8092-exec-6] DEBUG | org.springframework.web.servlet.DispatcherServlet            | Completed 200 OK (FrameworkServlet.java:1138)
[http-nio-8092-exec-7] DEBUG | org.springframework.web.servlet.DispatcherServlet            | GET "/classes", parameters={} (LogFormatUtils.java:120)
[http-nio-8092-exec-7] DEBUG | org.springframework.web.servlet.mvc.method.annotation.RequestMappingHandlerMapping | Mapped to com.isi.scolaire.classes.ClasseController#getAllClasses() (AbstractHandlerMapping.java:533)
[http-nio-8092-exec-8] DEBUG | org.springframework.web.servlet.DispatcherServlet            | GET "/subjects", parameters={} (LogFormatUtils.java:120)
[http-nio-8092-exec-8] DEBUG | org.springframework.web.servlet.mvc.method.annotation.RequestMappingHandlerMapping | Mapped to com.isi.scolaire.subjects.SubjectController#getAllSubjects() (AbstractHandlerMapping.java:533)
[http-nio-8092-exec-7] DEBUG | org.springframework.web.servlet.mvc.method.annotation.HttpEntityMethodProcessor | Using 'application/json', given [application/json, text/plain, */*] and supported [application/json, application/*+json, application/yaml] (AbstractMessageConverterMethodProcessor.java:310)
[http-nio-8092-exec-7] DEBUG | org.springframework.web.servlet.mvc.method.annotation.HttpEntityMethodProcessor | Writing [[]] (LogFormatUtils.java:120)
[http-nio-8092-exec-7] DEBUG | org.springframework.web.servlet.DispatcherServlet            | Completed 200 OK (FrameworkServlet.java:1138)
[http-nio-8092-exec-8] DEBUG | org.springframework.web.servlet.mvc.method.annotation.HttpEntityMethodProcessor | Using 'application/json', given [application/json, text/plain, */*] and supported [application/json, application/*+json, application/yaml] (AbstractMessageConverterMethodProcessor.java:310)
[http-nio-8092-exec-8] DEBUG | org.springframework.web.servlet.mvc.method.annotation.HttpEntityMethodProcessor | Writing [[]] (LogFormatUtils.java:120)
[http-nio-8092-exec-8] DEBUG | org.springframework.web.servlet.DispatcherServlet            | Completed 200 OK (FrameworkServlet.java:1138)
[http-nio-8092-exec-2] DEBUG | org.springframework.web.servlet.DispatcherServlet            | GET "/sectors", parameters={} (LogFormatUtils.java:120)
[http-nio-8092-exec-2] DEBUG | org.springframework.web.servlet.mvc.method.annotation.RequestMappingHandlerMapping | Mapped to com.isi.scolaire.sectors.SectorController#getAllSectors() (AbstractHandlerMapping.java:533)
[http-nio-8092-exec-2] DEBUG | org.springframework.web.servlet.mvc.method.annotation.HttpEntityMethodProcessor | Using 'application/json', given [application/json, text/plain, */*] and supported [application/json, application/*+json, application/yaml] (AbstractMessageConverterMethodProcessor.java:310)
[http-nio-8092-exec-2] DEBUG | org.springframework.web.servlet.mvc.method.annotation.HttpEntityMethodProcessor | Writing [[com.isi.scolaire.sectors.SectorResponse@56e1f91c, com.isi.scolaire.sectors.SectorResponse@3c08b996]] (LogFormatUtils.java:120)
[http-nio-8092-exec-2] DEBUG | org.springframework.web.servlet.DispatcherServlet            | Completed 200 OK (FrameworkServlet.java:1138)
[http-nio-8092-exec-4] DEBUG | org.springframework.web.servlet.DispatcherServlet            | POST "/classes", parameters={} (LogFormatUtils.java:120)
[http-nio-8092-exec-4] DEBUG | org.springframework.web.servlet.mvc.method.annotation.RequestMappingHandlerMapping | Mapped to com.isi.scolaire.classes.ClasseController#addClasse(ClasseRequest) (AbstractHandlerMapping.java:533)
[http-nio-8092-exec-4] DEBUG | org.springframework.web.servlet.mvc.method.annotation.RequestResponseBodyMethodProcessor | Read "application/json;charset=UTF-8" to [com.isi.scolaire.classes.ClasseRequest@5967d527] (LogFormatUtils.java:120)
[http-nio-8092-exec-4] DEBUG | org.springframework.web.servlet.mvc.method.annotation.HttpEntityMethodProcessor | Using 'application/json', given [application/json, text/plain, */*] and supported [application/json, application/*+json, application/yaml] (AbstractMessageConverterMethodProcessor.java:310)
[http-nio-8092-exec-4] DEBUG | org.springframework.web.servlet.mvc.method.annotation.HttpEntityMethodProcessor | Writing [com.isi.scolaire.classes.ClasseResponse@2a7d301b] (LogFormatUtils.java:120)
[http-nio-8092-exec-4] DEBUG | org.springframework.web.servlet.DispatcherServlet            | Completed 201 CREATED (FrameworkServlet.java:1138)
[http-nio-8092-exec-10] DEBUG | org.springframework.web.servlet.DispatcherServlet            | GET "/subjects", parameters={} (LogFormatUtils.java:120)
[http-nio-8092-exec-10] DEBUG | org.springframework.web.servlet.mvc.method.annotation.RequestMappingHandlerMapping | Mapped to com.isi.scolaire.subjects.SubjectController#getAllSubjects() (AbstractHandlerMapping.java:533)
[http-nio-8092-exec-10] DEBUG | org.springframework.web.servlet.mvc.method.annotation.HttpEntityMethodProcessor | Using 'application/json', given [application/json, text/plain, */*] and supported [application/json, application/*+json, application/yaml] (AbstractMessageConverterMethodProcessor.java:310)
[http-nio-8092-exec-10] DEBUG | org.springframework.web.servlet.mvc.method.annotation.HttpEntityMethodProcessor | Writing [[]] (LogFormatUtils.java:120)
[http-nio-8092-exec-10] DEBUG | org.springframework.web.servlet.DispatcherServlet            | Completed 200 OK (FrameworkServlet.java:1138)
[http-nio-8092-exec-8] DEBUG | org.springframework.web.servlet.DispatcherServlet            | GET "/sessions", parameters={} (LogFormatUtils.java:120)
[http-nio-8092-exec-8] DEBUG | org.springframework.web.servlet.mvc.method.annotation.RequestMappingHandlerMapping | Mapped to com.isi.scolaire.sessions.SessionController#getAllSessions() (AbstractHandlerMapping.java:533)
[http-nio-8092-exec-8] DEBUG | org.springframework.web.servlet.mvc.method.annotation.HttpEntityMethodProcessor | Using 'application/json', given [application/json, text/plain, */*] and supported [application/json, application/*+json, application/yaml] (AbstractMessageConverterMethodProcessor.java:310)
[http-nio-8092-exec-8] DEBUG | org.springframework.web.servlet.mvc.method.annotation.HttpEntityMethodProcessor | Writing [[]] (LogFormatUtils.java:120)
[http-nio-8092-exec-8] DEBUG | org.springframework.web.servlet.DispatcherServlet            | Completed 200 OK (FrameworkServlet.java:1138)
[http-nio-8092-exec-2] DEBUG | org.springframework.web.servlet.DispatcherServlet            | GET "/sectors", parameters={} (LogFormatUtils.java:120)
[http-nio-8092-exec-2] DEBUG | org.springframework.web.servlet.mvc.method.annotation.RequestMappingHandlerMapping | Mapped to com.isi.scolaire.sectors.SectorController#getAllSectors() (AbstractHandlerMapping.java:533)
[http-nio-8092-exec-2] DEBUG | org.springframework.web.servlet.mvc.method.annotation.HttpEntityMethodProcessor | Using 'application/json', given [application/json, text/plain, */*] and supported [application/json, application/*+json, application/yaml] (AbstractMessageConverterMethodProcessor.java:310)
[http-nio-8092-exec-2] DEBUG | org.springframework.web.servlet.mvc.method.annotation.HttpEntityMethodProcessor | Writing [[com.isi.scolaire.sectors.SectorResponse@1d7ab0da, com.isi.scolaire.sectors.SectorResponse@4d73656e]] (LogFormatUtils.java:120)
[http-nio-8092-exec-2] DEBUG | org.springframework.web.servlet.DispatcherServlet            | Completed 200 OK (FrameworkServlet.java:1138)
[http-nio-8092-exec-5] DEBUG | org.springframework.web.servlet.DispatcherServlet            | GET "/classes", parameters={} (LogFormatUtils.java:120)
[http-nio-8092-exec-5] DEBUG | org.springframework.web.servlet.mvc.method.annotation.RequestMappingHandlerMapping | Mapped to com.isi.scolaire.classes.ClasseController#getAllClasses() (AbstractHandlerMapping.java:533)
[http-nio-8092-exec-6] DEBUG | org.springframework.web.servlet.DispatcherServlet            | GET "/subjects", parameters={} (LogFormatUtils.java:120)
[http-nio-8092-exec-6] DEBUG | org.springframework.web.servlet.mvc.method.annotation.RequestMappingHandlerMapping | Mapped to com.isi.scolaire.subjects.SubjectController#getAllSubjects() (AbstractHandlerMapping.java:533)
[http-nio-8092-exec-6] DEBUG | org.springframework.web.servlet.mvc.method.annotation.HttpEntityMethodProcessor | Using 'application/json', given [application/json, text/plain, */*] and supported [application/json, application/*+json, application/yaml] (AbstractMessageConverterMethodProcessor.java:310)
[http-nio-8092-exec-6] DEBUG | org.springframework.web.servlet.mvc.method.annotation.HttpEntityMethodProcessor | Writing [[]] (LogFormatUtils.java:120)
[http-nio-8092-exec-6] DEBUG | org.springframework.web.servlet.DispatcherServlet            | Completed 200 OK (FrameworkServlet.java:1138)
[http-nio-8092-exec-5] DEBUG | org.springframework.web.servlet.mvc.method.annotation.HttpEntityMethodProcessor | Using 'application/json', given [application/json, text/plain, */*] and supported [application/json, application/*+json, application/yaml] (AbstractMessageConverterMethodProcessor.java:310)
[http-nio-8092-exec-5] DEBUG | org.springframework.web.servlet.mvc.method.annotation.HttpEntityMethodProcessor | Writing [[com.isi.scolaire.classes.ClasseResponse@1f020986]] (LogFormatUtils.java:120)
[http-nio-8092-exec-5] DEBUG | org.springframework.web.servlet.DispatcherServlet            | Completed 200 OK (FrameworkServlet.java:1138)
[http-nio-8092-exec-10] DEBUG | org.springframework.web.servlet.DispatcherServlet            | GET "/sectors", parameters={} (LogFormatUtils.java:120)
[http-nio-8092-exec-10] DEBUG | org.springframework.web.servlet.mvc.method.annotation.RequestMappingHandlerMapping | Mapped to com.isi.scolaire.sectors.SectorController#getAllSectors() (AbstractHandlerMapping.java:533)
[http-nio-8092-exec-10] DEBUG | org.springframework.web.servlet.mvc.method.annotation.HttpEntityMethodProcessor | Using 'application/json', given [application/json, text/plain, */*] and supported [application/json, application/*+json, application/yaml] (AbstractMessageConverterMethodProcessor.java:310)
[http-nio-8092-exec-10] DEBUG | org.springframework.web.servlet.mvc.method.annotation.HttpEntityMethodProcessor | Writing [[com.isi.scolaire.sectors.SectorResponse@12acd33, com.isi.scolaire.sectors.SectorResponse@41a0fce3]] (LogFormatUtils.java:120)
[http-nio-8092-exec-10] DEBUG | org.springframework.web.servlet.DispatcherServlet            | Completed 200 OK (FrameworkServlet.java:1138)
[http-nio-8092-exec-8] DEBUG | org.springframework.web.servlet.DispatcherServlet            | POST "/classes", parameters={} (LogFormatUtils.java:120)
[http-nio-8092-exec-8] DEBUG | org.springframework.web.servlet.mvc.method.annotation.RequestMappingHandlerMapping | Mapped to com.isi.scolaire.classes.ClasseController#addClasse(ClasseRequest) (AbstractHandlerMapping.java:533)
[http-nio-8092-exec-8] DEBUG | org.springframework.web.servlet.mvc.method.annotation.RequestResponseBodyMethodProcessor | Read "application/json;charset=UTF-8" to [com.isi.scolaire.classes.ClasseRequest@f328700] (LogFormatUtils.java:120)
[http-nio-8092-exec-8] DEBUG | org.springframework.web.servlet.mvc.method.annotation.HttpEntityMethodProcessor | Using 'application/json', given [application/json, text/plain, */*] and supported [application/json, application/*+json, application/yaml] (AbstractMessageConverterMethodProcessor.java:310)
[http-nio-8092-exec-8] DEBUG | org.springframework.web.servlet.mvc.method.annotation.HttpEntityMethodProcessor | Writing [com.isi.scolaire.classes.ClasseResponse@f16f928] (LogFormatUtils.java:120)
[http-nio-8092-exec-8] DEBUG | org.springframework.web.servlet.DispatcherServlet            | Completed 201 CREATED (FrameworkServlet.java:1138)
[http-nio-8092-exec-1] DEBUG | org.springframework.web.servlet.DispatcherServlet            | GET "/classes", parameters={} (LogFormatUtils.java:120)
[http-nio-8092-exec-1] DEBUG | org.springframework.web.servlet.mvc.method.annotation.RequestMappingHandlerMapping | Mapped to com.isi.scolaire.classes.ClasseController#getAllClasses() (AbstractHandlerMapping.java:533)
[http-nio-8092-exec-3] DEBUG | org.springframework.web.servlet.DispatcherServlet            | GET "/subjects", parameters={} (LogFormatUtils.java:120)
[http-nio-8092-exec-3] DEBUG | org.springframework.web.servlet.mvc.method.annotation.RequestMappingHandlerMapping | Mapped to com.isi.scolaire.subjects.SubjectController#getAllSubjects() (AbstractHandlerMapping.java:533)
[http-nio-8092-exec-1] DEBUG | org.springframework.web.servlet.mvc.method.annotation.HttpEntityMethodProcessor | Using 'application/json', given [application/json, text/plain, */*] and supported [application/json, application/*+json, application/yaml] (AbstractMessageConverterMethodProcessor.java:310)
[http-nio-8092-exec-1] DEBUG | org.springframework.web.servlet.mvc.method.annotation.HttpEntityMethodProcessor | Writing [[com.isi.scolaire.classes.ClasseResponse@33ff6796, com.isi.scolaire.classes.ClasseResponse@30c996e7]] (LogFormatUtils.java:120)
[http-nio-8092-exec-1] DEBUG | org.springframework.web.servlet.DispatcherServlet            | Completed 200 OK (FrameworkServlet.java:1138)
[http-nio-8092-exec-3] DEBUG | org.springframework.web.servlet.mvc.method.annotation.HttpEntityMethodProcessor | Using 'application/json', given [application/json, text/plain, */*] and supported [application/json, application/*+json, application/yaml] (AbstractMessageConverterMethodProcessor.java:310)
[http-nio-8092-exec-3] DEBUG | org.springframework.web.servlet.mvc.method.annotation.HttpEntityMethodProcessor | Writing [[]] (LogFormatUtils.java:120)
[http-nio-8092-exec-3] DEBUG | org.springframework.web.servlet.DispatcherServlet            | Completed 200 OK (FrameworkServlet.java:1138)
[http-nio-8092-exec-6] DEBUG | org.springframework.web.servlet.DispatcherServlet            | GET "/sectors", parameters={} (LogFormatUtils.java:120)
[http-nio-8092-exec-6] DEBUG | org.springframework.web.servlet.mvc.method.annotation.RequestMappingHandlerMapping | Mapped to com.isi.scolaire.sectors.SectorController#getAllSectors() (AbstractHandlerMapping.java:533)
[http-nio-8092-exec-6] DEBUG | org.springframework.web.servlet.mvc.method.annotation.HttpEntityMethodProcessor | Using 'application/json', given [application/json, text/plain, */*] and supported [application/json, application/*+json, application/yaml] (AbstractMessageConverterMethodProcessor.java:310)
[http-nio-8092-exec-6] DEBUG | org.springframework.web.servlet.mvc.method.annotation.HttpEntityMethodProcessor | Writing [[com.isi.scolaire.sectors.SectorResponse@6ffcdab2, com.isi.scolaire.sectors.SectorResponse@72ec29cd]] (LogFormatUtils.java:120)
[http-nio-8092-exec-6] DEBUG | org.springframework.web.servlet.DispatcherServlet            | Completed 200 OK (FrameworkServlet.java:1138)
[http-nio-8092-exec-9] DEBUG | org.springframework.web.servlet.DispatcherServlet            | POST "/classes", parameters={} (LogFormatUtils.java:120)
[http-nio-8092-exec-9] DEBUG | org.springframework.web.servlet.mvc.method.annotation.RequestMappingHandlerMapping | Mapped to com.isi.scolaire.classes.ClasseController#addClasse(ClasseRequest) (AbstractHandlerMapping.java:533)
[http-nio-8092-exec-9] DEBUG | org.springframework.web.servlet.mvc.method.annotation.RequestResponseBodyMethodProcessor | Read "application/json;charset=UTF-8" to [com.isi.scolaire.classes.ClasseRequest@4ccdfd03] (LogFormatUtils.java:120)
[http-nio-8092-exec-9] DEBUG | org.springframework.web.servlet.mvc.method.annotation.HttpEntityMethodProcessor | Using 'application/json', given [application/json, text/plain, */*] and supported [application/json, application/*+json, application/yaml] (AbstractMessageConverterMethodProcessor.java:310)
[http-nio-8092-exec-9] DEBUG | org.springframework.web.servlet.mvc.method.annotation.HttpEntityMethodProcessor | Writing [com.isi.scolaire.classes.ClasseResponse@4cd4ae0f] (LogFormatUtils.java:120)
[http-nio-8092-exec-9] DEBUG | org.springframework.web.servlet.DispatcherServlet            | Completed 201 CREATED (FrameworkServlet.java:1138)
[http-nio-8092-exec-10] DEBUG | org.springframework.web.servlet.DispatcherServlet            | GET "/classes", parameters={} (LogFormatUtils.java:120)
[http-nio-8092-exec-10] DEBUG | org.springframework.web.servlet.mvc.method.annotation.RequestMappingHandlerMapping | Mapped to com.isi.scolaire.classes.ClasseController#getAllClasses() (AbstractHandlerMapping.java:533)
[http-nio-8092-exec-8] DEBUG | org.springframework.web.servlet.DispatcherServlet            | GET "/subjects", parameters={} (LogFormatUtils.java:120)
[http-nio-8092-exec-8] DEBUG | org.springframework.web.servlet.mvc.method.annotation.RequestMappingHandlerMapping | Mapped to com.isi.scolaire.subjects.SubjectController#getAllSubjects() (AbstractHandlerMapping.java:533)
[http-nio-8092-exec-10] DEBUG | org.springframework.web.servlet.mvc.method.annotation.HttpEntityMethodProcessor | Using 'application/json', given [application/json, text/plain, */*] and supported [application/json, application/*+json, application/yaml] (AbstractMessageConverterMethodProcessor.java:310)
[http-nio-8092-exec-10] DEBUG | org.springframework.web.servlet.mvc.method.annotation.HttpEntityMethodProcessor | Writing [[com.isi.scolaire.classes.ClasseResponse@2212645, com.isi.scolaire.classes.ClasseResponse@35d3fcfd,  (truncated)...] (LogFormatUtils.java:120)
[http-nio-8092-exec-10] DEBUG | org.springframework.web.servlet.DispatcherServlet            | Completed 200 OK (FrameworkServlet.java:1138)
[http-nio-8092-exec-8] DEBUG | org.springframework.web.servlet.mvc.method.annotation.HttpEntityMethodProcessor | Using 'application/json', given [application/json, text/plain, */*] and supported [application/json, application/*+json, application/yaml] (AbstractMessageConverterMethodProcessor.java:310)
[http-nio-8092-exec-8] DEBUG | org.springframework.web.servlet.mvc.method.annotation.HttpEntityMethodProcessor | Writing [[]] (LogFormatUtils.java:120)
[http-nio-8092-exec-8] DEBUG | org.springframework.web.servlet.DispatcherServlet            | Completed 200 OK (FrameworkServlet.java:1138)
[http-nio-8092-exec-1] DEBUG | org.springframework.web.servlet.DispatcherServlet            | GET "/kinds", parameters={} (LogFormatUtils.java:120)
[http-nio-8092-exec-1] DEBUG | org.springframework.web.servlet.mvc.method.annotation.RequestMappingHandlerMapping | Mapped to com.isi.scolaire.kind.KindController#getAllKinds() (AbstractHandlerMapping.java:533)
[http-nio-8092-exec-1] DEBUG | org.springframework.web.servlet.mvc.method.annotation.HttpEntityMethodProcessor | Using 'application/json', given [application/json, text/plain, */*] and supported [application/json, application/*+json, application/yaml] (AbstractMessageConverterMethodProcessor.java:310)
[http-nio-8092-exec-1] DEBUG | org.springframework.web.servlet.mvc.method.annotation.HttpEntityMethodProcessor | Writing [[]] (LogFormatUtils.java:120)
[http-nio-8092-exec-1] DEBUG | org.springframework.web.servlet.DispatcherServlet            | Completed 200 OK (FrameworkServlet.java:1138)
[http-nio-8092-exec-4] DEBUG | org.springframework.web.servlet.DispatcherServlet            | POST "/kinds", parameters={} (LogFormatUtils.java:120)
[http-nio-8092-exec-4] DEBUG | org.springframework.web.servlet.mvc.method.annotation.RequestMappingHandlerMapping | Mapped to com.isi.scolaire.kind.KindController#addKind(KindRequest) (AbstractHandlerMapping.java:533)
[http-nio-8092-exec-4] DEBUG | org.springframework.web.servlet.mvc.method.annotation.RequestResponseBodyMethodProcessor | Read "application/json;charset=UTF-8" to [com.isi.scolaire.kind.KindRequest@4ab2e97a] (LogFormatUtils.java:120)
[http-nio-8092-exec-4] DEBUG | org.springframework.web.servlet.mvc.method.annotation.HttpEntityMethodProcessor | Using 'application/json', given [application/json, text/plain, */*] and supported [application/json, application/*+json, application/yaml] (AbstractMessageConverterMethodProcessor.java:310)
[http-nio-8092-exec-4] DEBUG | org.springframework.web.servlet.mvc.method.annotation.HttpEntityMethodProcessor | Writing [com.isi.scolaire.kind.KindResponse@36aaf88f] (LogFormatUtils.java:120)
[http-nio-8092-exec-4] DEBUG | org.springframework.web.servlet.DispatcherServlet            | Completed 201 CREATED (FrameworkServlet.java:1138)
[http-nio-8092-exec-6] DEBUG | org.springframework.web.servlet.DispatcherServlet            | GET "/kinds", parameters={} (LogFormatUtils.java:120)
[http-nio-8092-exec-6] DEBUG | org.springframework.web.servlet.mvc.method.annotation.RequestMappingHandlerMapping | Mapped to com.isi.scolaire.kind.KindController#getAllKinds() (AbstractHandlerMapping.java:533)
[http-nio-8092-exec-6] DEBUG | org.springframework.web.servlet.mvc.method.annotation.HttpEntityMethodProcessor | Using 'application/json', given [application/json, text/plain, */*] and supported [application/json, application/*+json, application/yaml] (AbstractMessageConverterMethodProcessor.java:310)
[http-nio-8092-exec-6] DEBUG | org.springframework.web.servlet.mvc.method.annotation.HttpEntityMethodProcessor | Writing [[com.isi.scolaire.kind.KindResponse@2cfba158]] (LogFormatUtils.java:120)
[http-nio-8092-exec-6] DEBUG | org.springframework.web.servlet.DispatcherServlet            | Completed 200 OK (FrameworkServlet.java:1138)
[http-nio-8092-exec-7] DEBUG | org.springframework.web.servlet.DispatcherServlet            | POST "/kinds", parameters={} (LogFormatUtils.java:120)
[http-nio-8092-exec-7] DEBUG | org.springframework.web.servlet.mvc.method.annotation.RequestMappingHandlerMapping | Mapped to com.isi.scolaire.kind.KindController#addKind(KindRequest) (AbstractHandlerMapping.java:533)
[http-nio-8092-exec-7] DEBUG | org.springframework.web.servlet.mvc.method.annotation.RequestResponseBodyMethodProcessor | Read "application/json;charset=UTF-8" to [com.isi.scolaire.kind.KindRequest@6aa5a257] (LogFormatUtils.java:120)
[http-nio-8092-exec-7] DEBUG | org.springframework.web.servlet.mvc.method.annotation.HttpEntityMethodProcessor | Using 'application/json', given [application/json, text/plain, */*] and supported [application/json, application/*+json, application/yaml] (AbstractMessageConverterMethodProcessor.java:310)
[http-nio-8092-exec-7] DEBUG | org.springframework.web.servlet.mvc.method.annotation.HttpEntityMethodProcessor | Writing [com.isi.scolaire.kind.KindResponse@3cb3ce44] (LogFormatUtils.java:120)
[http-nio-8092-exec-7] DEBUG | org.springframework.web.servlet.DispatcherServlet            | Completed 201 CREATED (FrameworkServlet.java:1138)
[http-nio-8092-exec-10] DEBUG | org.springframework.web.servlet.DispatcherServlet            | GET "/kinds", parameters={} (LogFormatUtils.java:120)
[http-nio-8092-exec-10] DEBUG | org.springframework.web.servlet.mvc.method.annotation.RequestMappingHandlerMapping | Mapped to com.isi.scolaire.kind.KindController#getAllKinds() (AbstractHandlerMapping.java:533)
[http-nio-8092-exec-10] DEBUG | org.springframework.web.servlet.mvc.method.annotation.HttpEntityMethodProcessor | Using 'application/json', given [application/json, text/plain, */*] and supported [application/json, application/*+json, application/yaml] (AbstractMessageConverterMethodProcessor.java:310)
[http-nio-8092-exec-10] DEBUG | org.springframework.web.servlet.mvc.method.annotation.HttpEntityMethodProcessor | Writing [[com.isi.scolaire.kind.KindResponse@3b2dbaef, com.isi.scolaire.kind.KindResponse@3b9146a8]] (LogFormatUtils.java:120)
[http-nio-8092-exec-10] DEBUG | org.springframework.web.servlet.DispatcherServlet            | Completed 200 OK (FrameworkServlet.java:1138)
[http-nio-8092-exec-2] DEBUG | org.springframework.web.servlet.DispatcherServlet            | GET "/programs", parameters={} (LogFormatUtils.java:120)
[http-nio-8092-exec-2] DEBUG | org.springframework.web.servlet.mvc.method.annotation.RequestMappingHandlerMapping | Mapped to com.isi.scolaire.program.ProgramController#getAllPrograms() (AbstractHandlerMapping.java:533)
[http-nio-8092-exec-2] DEBUG | org.springframework.web.servlet.mvc.method.annotation.HttpEntityMethodProcessor | Using 'application/json', given [application/json, text/plain, */*] and supported [application/json, application/*+json, application/yaml] (AbstractMessageConverterMethodProcessor.java:310)
[http-nio-8092-exec-2] DEBUG | org.springframework.web.servlet.mvc.method.annotation.HttpEntityMethodProcessor | Writing [[]] (LogFormatUtils.java:120)
[http-nio-8092-exec-2] DEBUG | org.springframework.web.servlet.DispatcherServlet            | Completed 200 OK (FrameworkServlet.java:1138)
[http-nio-8092-exec-1] DEBUG | org.springframework.web.servlet.DispatcherServlet            | GET "/kinds", parameters={} (LogFormatUtils.java:120)
[http-nio-8092-exec-1] DEBUG | org.springframework.web.servlet.mvc.method.annotation.RequestMappingHandlerMapping | Mapped to com.isi.scolaire.kind.KindController#getAllKinds() (AbstractHandlerMapping.java:533)
[http-nio-8092-exec-1] DEBUG | org.springframework.web.servlet.mvc.method.annotation.HttpEntityMethodProcessor | Using 'application/json', given [application/json, text/plain, */*] and supported [application/json, application/*+json, application/yaml] (AbstractMessageConverterMethodProcessor.java:310)
[http-nio-8092-exec-1] DEBUG | org.springframework.web.servlet.mvc.method.annotation.HttpEntityMethodProcessor | Writing [[com.isi.scolaire.kind.KindResponse@4f846d61, com.isi.scolaire.kind.KindResponse@4b82d6d1]] (LogFormatUtils.java:120)
[http-nio-8092-exec-1] DEBUG | org.springframework.web.servlet.DispatcherServlet            | Completed 200 OK (FrameworkServlet.java:1138)
[http-nio-8092-exec-4] DEBUG | org.springframework.web.servlet.DispatcherServlet            | POST "/programs", parameters={} (LogFormatUtils.java:120)
[http-nio-8092-exec-4] DEBUG | org.springframework.web.servlet.mvc.method.annotation.RequestMappingHandlerMapping | Mapped to com.isi.scolaire.program.ProgramController#addProgram(ProgramRequest) (AbstractHandlerMapping.java:533)
[http-nio-8092-exec-4] DEBUG | org.springframework.web.servlet.mvc.method.annotation.RequestResponseBodyMethodProcessor | Read "application/json;charset=UTF-8" to [com.isi.scolaire.program.ProgramRequest@1ba175b4] (LogFormatUtils.java:120)
[http-nio-8092-exec-4] DEBUG | org.springframework.web.servlet.mvc.method.annotation.HttpEntityMethodProcessor | Using 'application/json', given [application/json, text/plain, */*] and supported [application/json, application/*+json, application/yaml] (AbstractMessageConverterMethodProcessor.java:310)
[http-nio-8092-exec-4] DEBUG | org.springframework.web.servlet.mvc.method.annotation.HttpEntityMethodProcessor | Writing [com.isi.scolaire.program.ProgramResponse@6e49546] (LogFormatUtils.java:120)
[http-nio-8092-exec-4] DEBUG | org.springframework.web.servlet.DispatcherServlet            | Completed 201 CREATED (FrameworkServlet.java:1138)
[http-nio-8092-exec-6] DEBUG | org.springframework.web.servlet.DispatcherServlet            | GET "/programs", parameters={} (LogFormatUtils.java:120)
[http-nio-8092-exec-6] DEBUG | org.springframework.web.servlet.mvc.method.annotation.RequestMappingHandlerMapping | Mapped to com.isi.scolaire.program.ProgramController#getAllPrograms() (AbstractHandlerMapping.java:533)
[http-nio-8092-exec-6] DEBUG | org.springframework.web.servlet.mvc.method.annotation.HttpEntityMethodProcessor | Using 'application/json', given [application/json, text/plain, */*] and supported [application/json, application/*+json, application/yaml] (AbstractMessageConverterMethodProcessor.java:310)
[http-nio-8092-exec-6] DEBUG | org.springframework.web.servlet.mvc.method.annotation.HttpEntityMethodProcessor | Writing [[com.isi.scolaire.program.ProgramResponse@677ccb1e]] (LogFormatUtils.java:120)
[http-nio-8092-exec-6] DEBUG | org.springframework.web.servlet.DispatcherServlet            | Completed 200 OK (FrameworkServlet.java:1138)
[http-nio-8092-exec-9] DEBUG | org.springframework.web.servlet.DispatcherServlet            | GET "/kinds", parameters={} (LogFormatUtils.java:120)
[http-nio-8092-exec-9] DEBUG | org.springframework.web.servlet.mvc.method.annotation.RequestMappingHandlerMapping | Mapped to com.isi.scolaire.kind.KindController#getAllKinds() (AbstractHandlerMapping.java:533)
[http-nio-8092-exec-9] DEBUG | org.springframework.web.servlet.mvc.method.annotation.HttpEntityMethodProcessor | Using 'application/json', given [application/json, text/plain, */*] and supported [application/json, application/*+json, application/yaml] (AbstractMessageConverterMethodProcessor.java:310)
[http-nio-8092-exec-9] DEBUG | org.springframework.web.servlet.mvc.method.annotation.HttpEntityMethodProcessor | Writing [[com.isi.scolaire.kind.KindResponse@6452f295, com.isi.scolaire.kind.KindResponse@28e9422b]] (LogFormatUtils.java:120)
[http-nio-8092-exec-9] DEBUG | org.springframework.web.servlet.DispatcherServlet            | Completed 200 OK (FrameworkServlet.java:1138)
[http-nio-8092-exec-10] DEBUG | org.springframework.web.servlet.DispatcherServlet            | POST "/programs", parameters={} (LogFormatUtils.java:120)
[http-nio-8092-exec-10] DEBUG | org.springframework.web.servlet.mvc.method.annotation.RequestMappingHandlerMapping | Mapped to com.isi.scolaire.program.ProgramController#addProgram(ProgramRequest) (AbstractHandlerMapping.java:533)
[http-nio-8092-exec-10] DEBUG | org.springframework.web.servlet.mvc.method.annotation.RequestResponseBodyMethodProcessor | Read "application/json;charset=UTF-8" to [com.isi.scolaire.program.ProgramRequest@4dd9866b] (LogFormatUtils.java:120)
[http-nio-8092-exec-10] DEBUG | org.springframework.web.servlet.mvc.method.annotation.HttpEntityMethodProcessor | Using 'application/json', given [application/json, text/plain, */*] and supported [application/json, application/*+json, application/yaml] (AbstractMessageConverterMethodProcessor.java:310)
[http-nio-8092-exec-10] DEBUG | org.springframework.web.servlet.mvc.method.annotation.HttpEntityMethodProcessor | Writing [com.isi.scolaire.program.ProgramResponse@244a589c] (LogFormatUtils.java:120)
[http-nio-8092-exec-10] DEBUG | org.springframework.web.servlet.DispatcherServlet            | Completed 201 CREATED (FrameworkServlet.java:1138)
[http-nio-8092-exec-8] DEBUG | org.springframework.web.servlet.DispatcherServlet            | GET "/programs", parameters={} (LogFormatUtils.java:120)
[http-nio-8092-exec-8] DEBUG | org.springframework.web.servlet.mvc.method.annotation.RequestMappingHandlerMapping | Mapped to com.isi.scolaire.program.ProgramController#getAllPrograms() (AbstractHandlerMapping.java:533)
[http-nio-8092-exec-8] DEBUG | org.springframework.web.servlet.mvc.method.annotation.HttpEntityMethodProcessor | Using 'application/json', given [application/json, text/plain, */*] and supported [application/json, application/*+json, application/yaml] (AbstractMessageConverterMethodProcessor.java:310)
[http-nio-8092-exec-8] DEBUG | org.springframework.web.servlet.mvc.method.annotation.HttpEntityMethodProcessor | Writing [[com.isi.scolaire.program.ProgramResponse@166d9c24, com.isi.scolaire.program.ProgramResponse@1911d2c (truncated)...] (LogFormatUtils.java:120)
[http-nio-8092-exec-8] DEBUG | org.springframework.web.servlet.DispatcherServlet            | Completed 200 OK (FrameworkServlet.java:1138)
[SpringApplicationShutdownHook] INFO  | org.springframework.boot.web.embedded.tomcat.GracefulShutdown | Commencing graceful shutdown. Waiting for active requests to complete (GracefulShutdown.java:54)
[tomcat-shutdown] INFO  | org.springframework.boot.web.embedded.tomcat.GracefulShutdown | Graceful shutdown complete (GracefulShutdown.java:76)
[SpringApplicationShutdownHook] INFO  | org.springframework.orm.jpa.LocalContainerEntityManagerFactoryBean | Closing JPA EntityManagerFactory for persistence unit 'default' (AbstractEntityManagerFactoryBean.java:660)
[SpringApplicationShutdownHook] INFO  | com.zaxxer.hikari.HikariDataSource                           | HikariPool-1 - Shutdown initiated... (HikariDataSource.java:349)
[SpringApplicationShutdownHook] INFO  | com.zaxxer.hikari.HikariDataSource                           | HikariPool-1 - Shutdown completed. (HikariDataSource.java:351)
